<option value="action-adventure">Action-Adventure</option>
<option value="animation">Animation</option>
<option value="comedy">Comedy</option>
<option value="crime">Crime</option>
<option value="documentary">Documentary</option>
<option value="drama">Drama</option>
<option value="family">Family</option>
<option value="fantasy">Fantasy</option>
<option value="history">History</option>
<option value="horror">Horror</option>
<option value="musical">Musical</option>
<option value="mystery">Mystery</option>
<option value="romance">Romance</option>
<option value="sci-fi">Sci-Fi</option>
<option value="sport">Sport</option>
<option value="superhero">Superhero</option>
<option value="thriller">Thriller</option>
<option value="war">War</option>
<option value=""></option>
<option value=""></option>
<option value=""></option>
<option value=""></option>
<option value=""></option>
<option value=""></option>
